<?xml version="1.0" encoding="UTF-8"?>
<testsuite xmlns:xsi="http://www.w3.org/2001/XMLSchema-instance" xsi:noNamespaceSchemaLocation="https://maven.apache.org/surefire/maven-surefire-plugin/xsd/surefire-test-report-3.0.xsd" version="3.0" name="org.acme.main.ContextMainTest" time="3.75" tests="1" errors="0" skipped="0" failures="0">
  <properties>
    <property name="java.specification.version" value="17"/>
    <property name="sun.jnu.encoding" value="UTF-8"/>
    <property name="test.url" value="http://localhost:8081"/>
    <property name="java.class.path" value="/home/fcortes/Sensedia/Projects/work/camel-context-main/target/test-classes:/home/fcortes/Sensedia/Projects/work/camel-context-main/target/classes:/home/fcortes/.m2/repository/org/apache/camel/quarkus/camel-quarkus-core/3.9.0/camel-quarkus-core-3.9.0.jar:/home/fcortes/.m2/repository/io/quarkus/quarkus-core/3.9.1/quarkus-core-3.9.1.jar:/home/fcortes/.m2/repository/jakarta/annotation/jakarta.annotation-api/2.1.1/jakarta.annotation-api-2.1.1.jar:/home/fcortes/.m2/repository/jakarta/enterprise/jakarta.enterprise.cdi-api/4.0.1/jakarta.enterprise.cdi-api-4.0.1.jar:/home/fcortes/.m2/repository/jakarta/enterprise/jakarta.enterprise.lang-model/4.0.1/jakarta.enterprise.lang-model-4.0.1.jar:/home/fcortes/.m2/repository/jakarta/el/jakarta.el-api/5.0.1/jakarta.el-api-5.0.1.jar:/home/fcortes/.m2/repository/jakarta/interceptor/jakarta.interceptor-api/2.1.0/jakarta.interceptor-api-2.1.0.jar:/home/fcortes/.m2/repository/jakarta/inject/jakarta.inject-api/2.0.1/jakarta.inject-api-2.0.1.jar:/home/fcortes/.m2/repository/io/smallrye/common/smallrye-common-os/2.3.0/smallrye-common-os-2.3.0.jar:/home/fcortes/.m2/repository/io/quarkus/quarkus-ide-launcher/3.9.1/quarkus-ide-launcher-3.9.1.jar:/home/fcortes/.m2/repository/io/smallrye/config/smallrye-config/3.7.1/smallrye-config-3.7.1.jar:/home/fcortes/.m2/repository/io/smallrye/config/smallrye-config-core/3.7.1/smallrye-config-core-3.7.1.jar:/home/fcortes/.m2/repository/io/smallrye/common/smallrye-common-annotation/2.3.0/smallrye-common-annotation-2.3.0.jar:/home/fcortes/.m2/repository/io/smallrye/common/smallrye-common-classloader/2.3.0/smallrye-common-classloader-2.3.0.jar:/home/fcortes/.m2/repository/io/smallrye/config/smallrye-config-common/3.7.1/smallrye-config-common-3.7.1.jar:/home/fcortes/.m2/repository/org/jboss/logging/jboss-logging/3.5.3.Final/jboss-logging-3.5.3.Final.jar:/home/fcortes/.m2/repository/org/jboss/logmanager/jboss-logmanager/3.0.4.Final/jboss-logmanager-3.0.4.Final.jar:/home/fcortes/.m2/repository/io/smallrye/common/smallrye-common-constraint/2.3.0/smallrye-common-constraint-2.3.0.jar:/home/fcortes/.m2/repository/io/smallrye/common/smallrye-common-cpu/2.3.0/smallrye-common-cpu-2.3.0.jar:/home/fcortes/.m2/repository/io/smallrye/common/smallrye-common-expression/2.3.0/smallrye-common-expression-2.3.0.jar:/home/fcortes/.m2/repository/io/smallrye/common/smallrye-common-function/2.3.0/smallrye-common-function-2.3.0.jar:/home/fcortes/.m2/repository/io/smallrye/common/smallrye-common-net/2.3.0/smallrye-common-net-2.3.0.jar:/home/fcortes/.m2/repository/io/smallrye/common/smallrye-common-ref/2.3.0/smallrye-common-ref-2.3.0.jar:/home/fcortes/.m2/repository/jakarta/json/jakarta.json-api/2.1.3/jakarta.json-api-2.1.3.jar:/home/fcortes/.m2/repository/org/eclipse/parsson/parsson/1.1.5/parsson-1.1.5.jar:/home/fcortes/.m2/repository/org/jboss/logging/jboss-logging-annotations/2.2.1.Final/jboss-logging-annotations-2.2.1.Final.jar:/home/fcortes/.m2/repository/org/jboss/threads/jboss-threads/3.6.0.Final/jboss-threads-3.6.0.Final.jar:/home/fcortes/.m2/repository/org/slf4j/slf4j-api/2.0.6/slf4j-api-2.0.6.jar:/home/fcortes/.m2/repository/org/jboss/slf4j/slf4j-jboss-logmanager/2.0.0.Final/slf4j-jboss-logmanager-2.0.0.Final.jar:/home/fcortes/.m2/repository/org/wildfly/common/wildfly-common/1.7.0.Final/wildfly-common-1.7.0.Final.jar:/home/fcortes/.m2/repository/io/quarkus/quarkus-bootstrap-runner/3.9.1/quarkus-bootstrap-runner-3.9.1.jar:/home/fcortes/.m2/repository/io/github/crac/org-crac/0.1.3/org-crac-0.1.3.jar:/home/fcortes/.m2/repository/io/quarkus/quarkus-fs-util/0.0.10/quarkus-fs-util-0.0.10.jar:/home/fcortes/.m2/repository/io/quarkus/quarkus-arc/3.9.1/quarkus-arc-3.9.1.jar:/home/fcortes/.m2/repository/io/quarkus/arc/arc/3.9.1/arc-3.9.1.jar:/home/fcortes/.m2/repository/jakarta/transaction/jakarta.transaction-api/2.0.1/jakarta.transaction-api-2.0.1.jar:/home/fcortes/.m2/repository/io/smallrye/reactive/mutiny/2.5.8/mutiny-2.5.8.jar:/home/fcortes/.m2/repository/org/eclipse/microprofile/context-propagation/microprofile-context-propagation-api/1.3/microprofile-context-propagation-api-1.3.jar:/home/fcortes/.m2/repository/io/quarkus/quarkus-development-mode-spi/3.9.1/quarkus-development-mode-spi-3.9.1.jar:/home/fcortes/.m2/repository/org/apache/camel/camel-base/4.4.1/camel-base-4.4.1.jar:/home/fcortes/.m2/repository/org/apache/camel/camel-api/4.4.1/camel-api-4.4.1.jar:/home/fcortes/.m2/repository/org/apache/camel/camel-management-api/4.4.1/camel-management-api-4.4.1.jar:/home/fcortes/.m2/repository/org/apache/camel/camel-support/4.4.1/camel-support-4.4.1.jar:/home/fcortes/.m2/repository/org/apache/camel/camel-util-json/4.4.1/camel-util-json-4.4.1.jar:/home/fcortes/.m2/repository/org/apache/camel/camel-util/4.4.1/camel-util-4.4.1.jar:/home/fcortes/.m2/repository/org/apache/camel/camel-componentdsl/4.4.1/camel-componentdsl-4.4.1.jar:/home/fcortes/.m2/repository/org/apache/camel/camel-core-catalog/4.4.1/camel-core-catalog-4.4.1.jar:/home/fcortes/.m2/repository/org/apache/camel/camel-tooling-model/4.4.1/camel-tooling-model-4.4.1.jar:/home/fcortes/.m2/repository/org/apache/camel/camel-core-engine/4.4.1/camel-core-engine-4.4.1.jar:/home/fcortes/.m2/repository/org/apache/camel/camel-base-engine/4.4.1/camel-base-engine-4.4.1.jar:/home/fcortes/.m2/repository/org/apache/camel/camel-core-reifier/4.4.1/camel-core-reifier-4.4.1.jar:/home/fcortes/.m2/repository/org/apache/camel/camel-core-languages/4.4.1/camel-core-languages-4.4.1.jar:/home/fcortes/.m2/repository/org/apache/camel/camel-core-model/4.4.1/camel-core-model-4.4.1.jar:/home/fcortes/.m2/repository/org/apache/camel/camel-xml-jaxp-util/4.4.1/camel-xml-jaxp-util-4.4.1.jar:/home/fcortes/.m2/repository/org/apache/camel/camel-core-processor/4.4.1/camel-core-processor-4.4.1.jar:/home/fcortes/.m2/repository/org/apache/camel/camel-endpointdsl/4.4.1/camel-endpointdsl-4.4.1.jar:/home/fcortes/.m2/repository/org/apache/camel/camel-main/4.4.1/camel-main-4.4.1.jar:/home/fcortes/.m2/repository/org/apache/camel/camel-microprofile-config/4.4.1/camel-microprofile-config-4.4.1.jar:/home/fcortes/.m2/repository/org/eclipse/microprofile/config/microprofile-config-api/3.0.3/microprofile-config-api-3.0.3.jar:/home/fcortes/.m2/repository/jakarta/xml/bind/jakarta.xml.bind-api/4.0.2/jakarta.xml.bind-api-4.0.2.jar:/home/fcortes/.m2/repository/jakarta/activation/jakarta.activation-api/2.1.3/jakarta.activation-api-2.1.3.jar:/home/fcortes/.m2/repository/org/apache/camel/quarkus/camel-quarkus-yaml-dsl/3.9.0/camel-quarkus-yaml-dsl-3.9.0.jar:/home/fcortes/.m2/repository/org/apache/camel/camel-yaml-dsl/4.4.1/camel-yaml-dsl-4.4.1.jar:/home/fcortes/.m2/repository/org/apache/camel/camel-yaml-dsl-common/4.4.1/camel-yaml-dsl-common-4.4.1.jar:/home/fcortes/.m2/repository/org/snakeyaml/snakeyaml-engine/2.7/snakeyaml-engine-2.7.jar:/home/fcortes/.m2/repository/org/apache/camel/camel-yaml-dsl-deserializers/4.4.1/camel-yaml-dsl-deserializers-4.4.1.jar:/home/fcortes/.m2/repository/org/apache/camel/camel-dsl-support/4.4.1/camel-dsl-support-4.4.1.jar:/home/fcortes/.m2/repository/io/quarkus/quarkus-junit5/3.9.1/quarkus-junit5-3.9.1.jar:/home/fcortes/.m2/repository/io/quarkus/quarkus-bootstrap-core/3.9.1/quarkus-bootstrap-core-3.9.1.jar:/home/fcortes/.m2/repository/io/quarkus/quarkus-bootstrap-app-model/3.9.1/quarkus-bootstrap-app-model-3.9.1.jar:/home/fcortes/.m2/repository/io/smallrye/common/smallrye-common-io/2.3.0/smallrye-common-io-2.3.0.jar:/home/fcortes/.m2/repository/org/eclipse/sisu/org.eclipse.sisu.inject/0.9.0.M2/org.eclipse.sisu.inject-0.9.0.M2.jar:/home/fcortes/.m2/repository/io/quarkus/quarkus-test-common/3.9.1/quarkus-test-common-3.9.1.jar:/home/fcortes/.m2/repository/io/quarkus/quarkus-core-deployment/3.9.1/quarkus-core-deployment-3.9.1.jar:/home/fcortes/.m2/repository/org/aesh/readline/2.4/readline-2.4.jar:/home/fcortes/.m2/repository/org/fusesource/jansi/jansi/2.4.0/jansi-2.4.0.jar:/home/fcortes/.m2/repository/org/aesh/aesh/2.7/aesh-2.7.jar:/home/fcortes/.m2/repository/org/apache/commons/commons-lang3/3.14.0/commons-lang3-3.14.0.jar:/home/fcortes/.m2/repository/io/quarkus/gizmo/gizmo/1.8.0/gizmo-1.8.0.jar:/home/fcortes/.m2/repository/org/ow2/asm/asm-util/9.6/asm-util-9.6.jar:/home/fcortes/.m2/repository/org/ow2/asm/asm-analysis/9.6/asm-analysis-9.6.jar:/home/fcortes/.m2/repository/org/ow2/asm/asm/9.6/asm-9.6.jar:/home/fcortes/.m2/repository/org/ow2/asm/asm-commons/9.6/asm-commons-9.6.jar:/home/fcortes/.m2/repository/org/ow2/asm/asm-tree/9.6/asm-tree-9.6.jar:/home/fcortes/.m2/repository/io/quarkus/quarkus-class-change-agent/3.9.1/quarkus-class-change-agent-3.9.1.jar:/home/fcortes/.m2/repository/io/quarkus/quarkus-devtools-utilities/3.9.1/quarkus-devtools-utilities-3.9.1.jar:/home/fcortes/.m2/repository/io/quarkus/quarkus-builder/3.9.1/quarkus-builder-3.9.1.jar:/home/fcortes/.m2/repository/org/graalvm/sdk/nativeimage/23.1.2/nativeimage-23.1.2.jar:/home/fcortes/.m2/repository/org/graalvm/sdk/word/23.1.2/word-23.1.2.jar:/home/fcortes/.m2/repository/org/junit/platform/junit-platform-launcher/1.10.2/junit-platform-launcher-1.10.2.jar:/home/fcortes/.m2/repository/io/quarkus/quarkus-bootstrap-maven-resolver/3.9.1/quarkus-bootstrap-maven-resolver-3.9.1.jar:/home/fcortes/.m2/repository/io/smallrye/beanbag/smallrye-beanbag-maven/1.4.0/smallrye-beanbag-maven-1.4.0.jar:/home/fcortes/.m2/repository/io/smallrye/beanbag/smallrye-beanbag-sisu/1.4.0/smallrye-beanbag-sisu-1.4.0.jar:/home/fcortes/.m2/repository/io/smallrye/beanbag/smallrye-beanbag/1.4.0/smallrye-beanbag-1.4.0.jar:/home/fcortes/.m2/repository/commons-codec/commons-codec/1.16.1/commons-codec-1.16.1.jar:/home/fcortes/.m2/repository/javax/inject/javax.inject/1/javax.inject-1.jar:/home/fcortes/.m2/repository/org/apache/httpcomponents/httpclient/4.5.14/httpclient-4.5.14.jar:/home/fcortes/.m2/repository/org/apache/httpcomponents/httpcore/4.4.16/httpcore-4.4.16.jar:/home/fcortes/.m2/repository/org/apache/maven/maven-artifact/3.9.6/maven-artifact-3.9.6.jar:/home/fcortes/.m2/repository/org/apache/maven/maven-builder-support/3.9.6/maven-builder-support-3.9.6.jar:/home/fcortes/.m2/repository/org/apache/maven/maven-model/3.9.6/maven-model-3.9.6.jar:/home/fcortes/.m2/repository/org/apache/maven/maven-model-builder/3.9.6/maven-model-builder-3.9.6.jar:/home/fcortes/.m2/repository/org/apache/maven/maven-repository-metadata/3.9.6/maven-repository-metadata-3.9.6.jar:/home/fcortes/.m2/repository/org/apache/maven/maven-settings/3.9.6/maven-settings-3.9.6.jar:/home/fcortes/.m2/repository/org/apache/maven/resolver/maven-resolver-api/1.9.18/maven-resolver-api-1.9.18.jar:/home/fcortes/.m2/repository/org/apache/maven/resolver/maven-resolver-impl/1.9.18/maven-resolver-impl-1.9.18.jar:/home/fcortes/.m2/repository/org/apache/maven/resolver/maven-resolver-named-locks/1.9.18/maven-resolver-named-locks-1.9.18.jar:/home/fcortes/.m2/repository/org/apache/maven/resolver/maven-resolver-spi/1.9.18/maven-resolver-spi-1.9.18.jar:/home/fcortes/.m2/repository/org/apache/maven/resolver/maven-resolver-util/1.9.18/maven-resolver-util-1.9.18.jar:/home/fcortes/.m2/repository/org/apache/maven/resolver/maven-resolver-transport-http/1.9.18/maven-resolver-transport-http-1.9.18.jar:/home/fcortes/.m2/repository/org/apache/maven/wagon/wagon-provider-api/3.5.3/wagon-provider-api-3.5.3.jar:/home/fcortes/.m2/repository/org/apache/maven/wagon/wagon-http-shared/3.5.3/wagon-http-shared-3.5.3.jar:/home/fcortes/.m2/repository/org/codehaus/plexus/plexus-interpolation/1.26/plexus-interpolation-1.26.jar:/home/fcortes/.m2/repository/org/codehaus/plexus/plexus-utils/3.5.1/plexus-utils-3.5.1.jar:/home/fcortes/.m2/repository/org/codehaus/plexus/plexus-xml/4.0.0/plexus-xml-4.0.0.jar:/home/fcortes/.m2/repository/org/apache/maven/maven-xml-impl/4.0.0-alpha-5/maven-xml-impl-4.0.0-alpha-5.jar:/home/fcortes/.m2/repository/org/apache/maven/maven-api-xml/4.0.0-alpha-5/maven-api-xml-4.0.0-alpha-5.jar:/home/fcortes/.m2/repository/org/apache/maven/maven-api-meta/4.0.0-alpha-5/maven-api-meta-4.0.0-alpha-5.jar:/home/fcortes/.m2/repository/org/codehaus/plexus/plexus-cipher/2.0/plexus-cipher-2.0.jar:/home/fcortes/.m2/repository/org/codehaus/plexus/plexus-sec-dispatcher/2.0/plexus-sec-dispatcher-2.0.jar:/home/fcortes/.m2/repository/org/apache/maven/maven-embedder/3.9.6/maven-embedder-3.9.6.jar:/home/fcortes/.m2/repository/org/apache/maven/maven-core/3.9.6/maven-core-3.9.6.jar:/home/fcortes/.m2/repository/org/codehaus/plexus/plexus-component-annotations/2.1.0/plexus-component-annotations-2.1.0.jar:/home/fcortes/.m2/repository/org/apache/maven/maven-plugin-api/3.9.6/maven-plugin-api-3.9.6.jar:/home/fcortes/.m2/repository/org/apache/maven/shared/maven-shared-utils/3.3.4/maven-shared-utils-3.3.4.jar:/home/fcortes/.m2/repository/com/google/inject/guice/5.1.0/guice-5.1.0.jar:/home/fcortes/.m2/repository/aopalliance/aopalliance/1.0/aopalliance-1.0.jar:/home/fcortes/.m2/repository/com/google/guava/guava/33.0.0-jre/guava-33.0.0-jre.jar:/home/fcortes/.m2/repository/com/google/guava/failureaccess/1.0.1/failureaccess-1.0.1.jar:/home/fcortes/.m2/repository/javax/annotation/javax.annotation-api/1.3.2/javax.annotation-api-1.3.2.jar:/home/fcortes/.m2/repository/org/codehaus/plexus/plexus-classworlds/2.6.0/plexus-classworlds-2.6.0.jar:/home/fcortes/.m2/repository/commons-cli/commons-cli/1.4/commons-cli-1.4.jar:/home/fcortes/.m2/repository/org/eclipse/sisu/org.eclipse.sisu.plexus/0.9.0.M2/org.eclipse.sisu.plexus-0.9.0.M2.jar:/home/fcortes/.m2/repository/org/apache/maven/maven-settings-builder/3.9.6/maven-settings-builder-3.9.6.jar:/home/fcortes/.m2/repository/org/apache/maven/maven-resolver-provider/3.9.6/maven-resolver-provider-3.9.6.jar:/home/fcortes/.m2/repository/org/apache/maven/resolver/maven-resolver-connector-basic/1.9.18/maven-resolver-connector-basic-1.9.18.jar:/home/fcortes/.m2/repository/org/apache/maven/resolver/maven-resolver-transport-wagon/1.9.18/maven-resolver-transport-wagon-1.9.18.jar:/home/fcortes/.m2/repository/org/apache/maven/wagon/wagon-http/3.5.3/wagon-http-3.5.3.jar:/home/fcortes/.m2/repository/org/apache/maven/wagon/wagon-file/3.5.3/wagon-file-3.5.3.jar:/home/fcortes/.m2/repository/io/fabric8/maven-model-helper/35/maven-model-helper-35.jar:/home/fcortes/.m2/repository/org/jdom/jdom2/2.0.6.1/jdom2-2.0.6.1.jar:/home/fcortes/.m2/repository/io/quarkus/quarkus-bootstrap-gradle-resolver/3.9.1/quarkus-bootstrap-gradle-resolver-3.9.1.jar:/home/fcortes/.m2/repository/io/smallrye/jandex/3.1.6/jandex-3.1.6.jar:/home/fcortes/.m2/repository/commons-io/commons-io/2.15.1/commons-io-2.15.1.jar:/home/fcortes/.m2/repository/org/jboss/logging/commons-logging-jboss-logging/1.0.0.Final/commons-logging-jboss-logging-1.0.0.Final.jar:/home/fcortes/.m2/repository/io/quarkus/quarkus-junit5-properties/3.9.1/quarkus-junit5-properties-3.9.1.jar:/home/fcortes/.m2/repository/org/junit/jupiter/junit-jupiter/5.10.2/junit-jupiter-5.10.2.jar:/home/fcortes/.m2/repository/org/junit/jupiter/junit-jupiter-api/5.10.2/junit-jupiter-api-5.10.2.jar:/home/fcortes/.m2/repository/org/opentest4j/opentest4j/1.3.0/opentest4j-1.3.0.jar:/home/fcortes/.m2/repository/org/junit/platform/junit-platform-commons/1.10.2/junit-platform-commons-1.10.2.jar:/home/fcortes/.m2/repository/org/apiguardian/apiguardian-api/1.1.2/apiguardian-api-1.1.2.jar:/home/fcortes/.m2/repository/org/junit/jupiter/junit-jupiter-params/5.10.2/junit-jupiter-params-5.10.2.jar:/home/fcortes/.m2/repository/org/junit/jupiter/junit-jupiter-engine/5.10.2/junit-jupiter-engine-5.10.2.jar:/home/fcortes/.m2/repository/org/junit/platform/junit-platform-engine/1.10.2/junit-platform-engine-1.10.2.jar:/home/fcortes/.m2/repository/com/thoughtworks/xstream/xstream/1.4.20/xstream-1.4.20.jar:/home/fcortes/.m2/repository/io/github/x-stream/mxparser/1.2.2/mxparser-1.2.2.jar:/home/fcortes/.m2/repository/xmlpull/xmlpull/1.1.3.1/xmlpull-1.1.3.1.jar:"/>
    <property name="java.vm.vendor" value="GraalVM Community"/>
    <property name="sun.arch.data.model" value="64"/>
    <property name="java.vendor.url" value="https://www.graalvm.org/"/>
    <property name="user.timezone" value="America/Sao_Paulo"/>
    <property name="logging.initial-configurator.min-level" value="500"/>
    <property name="os.name" value="Linux"/>
    <property name="java.vm.specification.version" value="17"/>
    <property name="sun.java.launcher" value="SUN_STANDARD"/>
    <property name="user.country" value="BR"/>
    <property name="groovy.use.classvalue" value="false"/>
    <property name="sun.boot.library.path" value="/home/fcortes/.sdkman/candidates/java/17.0.9-graalce/lib"/>
    <property name="sun.java.command" value="/home/fcortes/Sensedia/Projects/work/camel-context-main/target/surefire/surefirebooter-20240428115542662_3.jar /home/fcortes/Sensedia/Projects/work/camel-context-main/target/surefire 2024-04-28T11-55-42_598-jvmRun1 surefire-20240428115542662_1tmp surefire_0-20240428115542662_2tmp"/>
    <property name="maven.home" value="/home/fcortes/.sdkman/candidates/maven/current"/>
    <property name="jdk.debug" value="release"/>
    <property name="surefire.test.class.path" value="/home/fcortes/Sensedia/Projects/work/camel-context-main/target/test-classes:/home/fcortes/Sensedia/Projects/work/camel-context-main/target/classes:/home/fcortes/.m2/repository/org/apache/camel/quarkus/camel-quarkus-core/3.9.0/camel-quarkus-core-3.9.0.jar:/home/fcortes/.m2/repository/io/quarkus/quarkus-core/3.9.1/quarkus-core-3.9.1.jar:/home/fcortes/.m2/repository/jakarta/annotation/jakarta.annotation-api/2.1.1/jakarta.annotation-api-2.1.1.jar:/home/fcortes/.m2/repository/jakarta/enterprise/jakarta.enterprise.cdi-api/4.0.1/jakarta.enterprise.cdi-api-4.0.1.jar:/home/fcortes/.m2/repository/jakarta/enterprise/jakarta.enterprise.lang-model/4.0.1/jakarta.enterprise.lang-model-4.0.1.jar:/home/fcortes/.m2/repository/jakarta/el/jakarta.el-api/5.0.1/jakarta.el-api-5.0.1.jar:/home/fcortes/.m2/repository/jakarta/interceptor/jakarta.interceptor-api/2.1.0/jakarta.interceptor-api-2.1.0.jar:/home/fcortes/.m2/repository/jakarta/inject/jakarta.inject-api/2.0.1/jakarta.inject-api-2.0.1.jar:/home/fcortes/.m2/repository/io/smallrye/common/smallrye-common-os/2.3.0/smallrye-common-os-2.3.0.jar:/home/fcortes/.m2/repository/io/quarkus/quarkus-ide-launcher/3.9.1/quarkus-ide-launcher-3.9.1.jar:/home/fcortes/.m2/repository/io/smallrye/config/smallrye-config/3.7.1/smallrye-config-3.7.1.jar:/home/fcortes/.m2/repository/io/smallrye/config/smallrye-config-core/3.7.1/smallrye-config-core-3.7.1.jar:/home/fcortes/.m2/repository/io/smallrye/common/smallrye-common-annotation/2.3.0/smallrye-common-annotation-2.3.0.jar:/home/fcortes/.m2/repository/io/smallrye/common/smallrye-common-classloader/2.3.0/smallrye-common-classloader-2.3.0.jar:/home/fcortes/.m2/repository/io/smallrye/config/smallrye-config-common/3.7.1/smallrye-config-common-3.7.1.jar:/home/fcortes/.m2/repository/org/jboss/logging/jboss-logging/3.5.3.Final/jboss-logging-3.5.3.Final.jar:/home/fcortes/.m2/repository/org/jboss/logmanager/jboss-logmanager/3.0.4.Final/jboss-logmanager-3.0.4.Final.jar:/home/fcortes/.m2/repository/io/smallrye/common/smallrye-common-constraint/2.3.0/smallrye-common-constraint-2.3.0.jar:/home/fcortes/.m2/repository/io/smallrye/common/smallrye-common-cpu/2.3.0/smallrye-common-cpu-2.3.0.jar:/home/fcortes/.m2/repository/io/smallrye/common/smallrye-common-expression/2.3.0/smallrye-common-expression-2.3.0.jar:/home/fcortes/.m2/repository/io/smallrye/common/smallrye-common-function/2.3.0/smallrye-common-function-2.3.0.jar:/home/fcortes/.m2/repository/io/smallrye/common/smallrye-common-net/2.3.0/smallrye-common-net-2.3.0.jar:/home/fcortes/.m2/repository/io/smallrye/common/smallrye-common-ref/2.3.0/smallrye-common-ref-2.3.0.jar:/home/fcortes/.m2/repository/jakarta/json/jakarta.json-api/2.1.3/jakarta.json-api-2.1.3.jar:/home/fcortes/.m2/repository/org/eclipse/parsson/parsson/1.1.5/parsson-1.1.5.jar:/home/fcortes/.m2/repository/org/jboss/logging/jboss-logging-annotations/2.2.1.Final/jboss-logging-annotations-2.2.1.Final.jar:/home/fcortes/.m2/repository/org/jboss/threads/jboss-threads/3.6.0.Final/jboss-threads-3.6.0.Final.jar:/home/fcortes/.m2/repository/org/slf4j/slf4j-api/2.0.6/slf4j-api-2.0.6.jar:/home/fcortes/.m2/repository/org/jboss/slf4j/slf4j-jboss-logmanager/2.0.0.Final/slf4j-jboss-logmanager-2.0.0.Final.jar:/home/fcortes/.m2/repository/org/wildfly/common/wildfly-common/1.7.0.Final/wildfly-common-1.7.0.Final.jar:/home/fcortes/.m2/repository/io/quarkus/quarkus-bootstrap-runner/3.9.1/quarkus-bootstrap-runner-3.9.1.jar:/home/fcortes/.m2/repository/io/github/crac/org-crac/0.1.3/org-crac-0.1.3.jar:/home/fcortes/.m2/repository/io/quarkus/quarkus-fs-util/0.0.10/quarkus-fs-util-0.0.10.jar:/home/fcortes/.m2/repository/io/quarkus/quarkus-arc/3.9.1/quarkus-arc-3.9.1.jar:/home/fcortes/.m2/repository/io/quarkus/arc/arc/3.9.1/arc-3.9.1.jar:/home/fcortes/.m2/repository/jakarta/transaction/jakarta.transaction-api/2.0.1/jakarta.transaction-api-2.0.1.jar:/home/fcortes/.m2/repository/io/smallrye/reactive/mutiny/2.5.8/mutiny-2.5.8.jar:/home/fcortes/.m2/repository/org/eclipse/microprofile/context-propagation/microprofile-context-propagation-api/1.3/microprofile-context-propagation-api-1.3.jar:/home/fcortes/.m2/repository/io/quarkus/quarkus-development-mode-spi/3.9.1/quarkus-development-mode-spi-3.9.1.jar:/home/fcortes/.m2/repository/org/apache/camel/camel-base/4.4.1/camel-base-4.4.1.jar:/home/fcortes/.m2/repository/org/apache/camel/camel-api/4.4.1/camel-api-4.4.1.jar:/home/fcortes/.m2/repository/org/apache/camel/camel-management-api/4.4.1/camel-management-api-4.4.1.jar:/home/fcortes/.m2/repository/org/apache/camel/camel-support/4.4.1/camel-support-4.4.1.jar:/home/fcortes/.m2/repository/org/apache/camel/camel-util-json/4.4.1/camel-util-json-4.4.1.jar:/home/fcortes/.m2/repository/org/apache/camel/camel-util/4.4.1/camel-util-4.4.1.jar:/home/fcortes/.m2/repository/org/apache/camel/camel-componentdsl/4.4.1/camel-componentdsl-4.4.1.jar:/home/fcortes/.m2/repository/org/apache/camel/camel-core-catalog/4.4.1/camel-core-catalog-4.4.1.jar:/home/fcortes/.m2/repository/org/apache/camel/camel-tooling-model/4.4.1/camel-tooling-model-4.4.1.jar:/home/fcortes/.m2/repository/org/apache/camel/camel-core-engine/4.4.1/camel-core-engine-4.4.1.jar:/home/fcortes/.m2/repository/org/apache/camel/camel-base-engine/4.4.1/camel-base-engine-4.4.1.jar:/home/fcortes/.m2/repository/org/apache/camel/camel-core-reifier/4.4.1/camel-core-reifier-4.4.1.jar:/home/fcortes/.m2/repository/org/apache/camel/camel-core-languages/4.4.1/camel-core-languages-4.4.1.jar:/home/fcortes/.m2/repository/org/apache/camel/camel-core-model/4.4.1/camel-core-model-4.4.1.jar:/home/fcortes/.m2/repository/org/apache/camel/camel-xml-jaxp-util/4.4.1/camel-xml-jaxp-util-4.4.1.jar:/home/fcortes/.m2/repository/org/apache/camel/camel-core-processor/4.4.1/camel-core-processor-4.4.1.jar:/home/fcortes/.m2/repository/org/apache/camel/camel-endpointdsl/4.4.1/camel-endpointdsl-4.4.1.jar:/home/fcortes/.m2/repository/org/apache/camel/camel-main/4.4.1/camel-main-4.4.1.jar:/home/fcortes/.m2/repository/org/apache/camel/camel-microprofile-config/4.4.1/camel-microprofile-config-4.4.1.jar:/home/fcortes/.m2/repository/org/eclipse/microprofile/config/microprofile-config-api/3.0.3/microprofile-config-api-3.0.3.jar:/home/fcortes/.m2/repository/jakarta/xml/bind/jakarta.xml.bind-api/4.0.2/jakarta.xml.bind-api-4.0.2.jar:/home/fcortes/.m2/repository/jakarta/activation/jakarta.activation-api/2.1.3/jakarta.activation-api-2.1.3.jar:/home/fcortes/.m2/repository/org/apache/camel/quarkus/camel-quarkus-yaml-dsl/3.9.0/camel-quarkus-yaml-dsl-3.9.0.jar:/home/fcortes/.m2/repository/org/apache/camel/camel-yaml-dsl/4.4.1/camel-yaml-dsl-4.4.1.jar:/home/fcortes/.m2/repository/org/apache/camel/camel-yaml-dsl-common/4.4.1/camel-yaml-dsl-common-4.4.1.jar:/home/fcortes/.m2/repository/org/snakeyaml/snakeyaml-engine/2.7/snakeyaml-engine-2.7.jar:/home/fcortes/.m2/repository/org/apache/camel/camel-yaml-dsl-deserializers/4.4.1/camel-yaml-dsl-deserializers-4.4.1.jar:/home/fcortes/.m2/repository/org/apache/camel/camel-dsl-support/4.4.1/camel-dsl-support-4.4.1.jar:/home/fcortes/.m2/repository/io/quarkus/quarkus-junit5/3.9.1/quarkus-junit5-3.9.1.jar:/home/fcortes/.m2/repository/io/quarkus/quarkus-bootstrap-core/3.9.1/quarkus-bootstrap-core-3.9.1.jar:/home/fcortes/.m2/repository/io/quarkus/quarkus-bootstrap-app-model/3.9.1/quarkus-bootstrap-app-model-3.9.1.jar:/home/fcortes/.m2/repository/io/smallrye/common/smallrye-common-io/2.3.0/smallrye-common-io-2.3.0.jar:/home/fcortes/.m2/repository/org/eclipse/sisu/org.eclipse.sisu.inject/0.9.0.M2/org.eclipse.sisu.inject-0.9.0.M2.jar:/home/fcortes/.m2/repository/io/quarkus/quarkus-test-common/3.9.1/quarkus-test-common-3.9.1.jar:/home/fcortes/.m2/repository/io/quarkus/quarkus-core-deployment/3.9.1/quarkus-core-deployment-3.9.1.jar:/home/fcortes/.m2/repository/org/aesh/readline/2.4/readline-2.4.jar:/home/fcortes/.m2/repository/org/fusesource/jansi/jansi/2.4.0/jansi-2.4.0.jar:/home/fcortes/.m2/repository/org/aesh/aesh/2.7/aesh-2.7.jar:/home/fcortes/.m2/repository/org/apache/commons/commons-lang3/3.14.0/commons-lang3-3.14.0.jar:/home/fcortes/.m2/repository/io/quarkus/gizmo/gizmo/1.8.0/gizmo-1.8.0.jar:/home/fcortes/.m2/repository/org/ow2/asm/asm-util/9.6/asm-util-9.6.jar:/home/fcortes/.m2/repository/org/ow2/asm/asm-analysis/9.6/asm-analysis-9.6.jar:/home/fcortes/.m2/repository/org/ow2/asm/asm/9.6/asm-9.6.jar:/home/fcortes/.m2/repository/org/ow2/asm/asm-commons/9.6/asm-commons-9.6.jar:/home/fcortes/.m2/repository/org/ow2/asm/asm-tree/9.6/asm-tree-9.6.jar:/home/fcortes/.m2/repository/io/quarkus/quarkus-class-change-agent/3.9.1/quarkus-class-change-agent-3.9.1.jar:/home/fcortes/.m2/repository/io/quarkus/quarkus-devtools-utilities/3.9.1/quarkus-devtools-utilities-3.9.1.jar:/home/fcortes/.m2/repository/io/quarkus/quarkus-builder/3.9.1/quarkus-builder-3.9.1.jar:/home/fcortes/.m2/repository/org/graalvm/sdk/nativeimage/23.1.2/nativeimage-23.1.2.jar:/home/fcortes/.m2/repository/org/graalvm/sdk/word/23.1.2/word-23.1.2.jar:/home/fcortes/.m2/repository/org/junit/platform/junit-platform-launcher/1.10.2/junit-platform-launcher-1.10.2.jar:/home/fcortes/.m2/repository/io/quarkus/quarkus-bootstrap-maven-resolver/3.9.1/quarkus-bootstrap-maven-resolver-3.9.1.jar:/home/fcortes/.m2/repository/io/smallrye/beanbag/smallrye-beanbag-maven/1.4.0/smallrye-beanbag-maven-1.4.0.jar:/home/fcortes/.m2/repository/io/smallrye/beanbag/smallrye-beanbag-sisu/1.4.0/smallrye-beanbag-sisu-1.4.0.jar:/home/fcortes/.m2/repository/io/smallrye/beanbag/smallrye-beanbag/1.4.0/smallrye-beanbag-1.4.0.jar:/home/fcortes/.m2/repository/commons-codec/commons-codec/1.16.1/commons-codec-1.16.1.jar:/home/fcortes/.m2/repository/javax/inject/javax.inject/1/javax.inject-1.jar:/home/fcortes/.m2/repository/org/apache/httpcomponents/httpclient/4.5.14/httpclient-4.5.14.jar:/home/fcortes/.m2/repository/org/apache/httpcomponents/httpcore/4.4.16/httpcore-4.4.16.jar:/home/fcortes/.m2/repository/org/apache/maven/maven-artifact/3.9.6/maven-artifact-3.9.6.jar:/home/fcortes/.m2/repository/org/apache/maven/maven-builder-support/3.9.6/maven-builder-support-3.9.6.jar:/home/fcortes/.m2/repository/org/apache/maven/maven-model/3.9.6/maven-model-3.9.6.jar:/home/fcortes/.m2/repository/org/apache/maven/maven-model-builder/3.9.6/maven-model-builder-3.9.6.jar:/home/fcortes/.m2/repository/org/apache/maven/maven-repository-metadata/3.9.6/maven-repository-metadata-3.9.6.jar:/home/fcortes/.m2/repository/org/apache/maven/maven-settings/3.9.6/maven-settings-3.9.6.jar:/home/fcortes/.m2/repository/org/apache/maven/resolver/maven-resolver-api/1.9.18/maven-resolver-api-1.9.18.jar:/home/fcortes/.m2/repository/org/apache/maven/resolver/maven-resolver-impl/1.9.18/maven-resolver-impl-1.9.18.jar:/home/fcortes/.m2/repository/org/apache/maven/resolver/maven-resolver-named-locks/1.9.18/maven-resolver-named-locks-1.9.18.jar:/home/fcortes/.m2/repository/org/apache/maven/resolver/maven-resolver-spi/1.9.18/maven-resolver-spi-1.9.18.jar:/home/fcortes/.m2/repository/org/apache/maven/resolver/maven-resolver-util/1.9.18/maven-resolver-util-1.9.18.jar:/home/fcortes/.m2/repository/org/apache/maven/resolver/maven-resolver-transport-http/1.9.18/maven-resolver-transport-http-1.9.18.jar:/home/fcortes/.m2/repository/org/apache/maven/wagon/wagon-provider-api/3.5.3/wagon-provider-api-3.5.3.jar:/home/fcortes/.m2/repository/org/apache/maven/wagon/wagon-http-shared/3.5.3/wagon-http-shared-3.5.3.jar:/home/fcortes/.m2/repository/org/codehaus/plexus/plexus-interpolation/1.26/plexus-interpolation-1.26.jar:/home/fcortes/.m2/repository/org/codehaus/plexus/plexus-utils/3.5.1/plexus-utils-3.5.1.jar:/home/fcortes/.m2/repository/org/codehaus/plexus/plexus-xml/4.0.0/plexus-xml-4.0.0.jar:/home/fcortes/.m2/repository/org/apache/maven/maven-xml-impl/4.0.0-alpha-5/maven-xml-impl-4.0.0-alpha-5.jar:/home/fcortes/.m2/repository/org/apache/maven/maven-api-xml/4.0.0-alpha-5/maven-api-xml-4.0.0-alpha-5.jar:/home/fcortes/.m2/repository/org/apache/maven/maven-api-meta/4.0.0-alpha-5/maven-api-meta-4.0.0-alpha-5.jar:/home/fcortes/.m2/repository/org/codehaus/plexus/plexus-cipher/2.0/plexus-cipher-2.0.jar:/home/fcortes/.m2/repository/org/codehaus/plexus/plexus-sec-dispatcher/2.0/plexus-sec-dispatcher-2.0.jar:/home/fcortes/.m2/repository/org/apache/maven/maven-embedder/3.9.6/maven-embedder-3.9.6.jar:/home/fcortes/.m2/repository/org/apache/maven/maven-core/3.9.6/maven-core-3.9.6.jar:/home/fcortes/.m2/repository/org/codehaus/plexus/plexus-component-annotations/2.1.0/plexus-component-annotations-2.1.0.jar:/home/fcortes/.m2/repository/org/apache/maven/maven-plugin-api/3.9.6/maven-plugin-api-3.9.6.jar:/home/fcortes/.m2/repository/org/apache/maven/shared/maven-shared-utils/3.3.4/maven-shared-utils-3.3.4.jar:/home/fcortes/.m2/repository/com/google/inject/guice/5.1.0/guice-5.1.0.jar:/home/fcortes/.m2/repository/aopalliance/aopalliance/1.0/aopalliance-1.0.jar:/home/fcortes/.m2/repository/com/google/guava/guava/33.0.0-jre/guava-33.0.0-jre.jar:/home/fcortes/.m2/repository/com/google/guava/failureaccess/1.0.1/failureaccess-1.0.1.jar:/home/fcortes/.m2/repository/javax/annotation/javax.annotation-api/1.3.2/javax.annotation-api-1.3.2.jar:/home/fcortes/.m2/repository/org/codehaus/plexus/plexus-classworlds/2.6.0/plexus-classworlds-2.6.0.jar:/home/fcortes/.m2/repository/commons-cli/commons-cli/1.4/commons-cli-1.4.jar:/home/fcortes/.m2/repository/org/eclipse/sisu/org.eclipse.sisu.plexus/0.9.0.M2/org.eclipse.sisu.plexus-0.9.0.M2.jar:/home/fcortes/.m2/repository/org/apache/maven/maven-settings-builder/3.9.6/maven-settings-builder-3.9.6.jar:/home/fcortes/.m2/repository/org/apache/maven/maven-resolver-provider/3.9.6/maven-resolver-provider-3.9.6.jar:/home/fcortes/.m2/repository/org/apache/maven/resolver/maven-resolver-connector-basic/1.9.18/maven-resolver-connector-basic-1.9.18.jar:/home/fcortes/.m2/repository/org/apache/maven/resolver/maven-resolver-transport-wagon/1.9.18/maven-resolver-transport-wagon-1.9.18.jar:/home/fcortes/.m2/repository/org/apache/maven/wagon/wagon-http/3.5.3/wagon-http-3.5.3.jar:/home/fcortes/.m2/repository/org/apache/maven/wagon/wagon-file/3.5.3/wagon-file-3.5.3.jar:/home/fcortes/.m2/repository/io/fabric8/maven-model-helper/35/maven-model-helper-35.jar:/home/fcortes/.m2/repository/org/jdom/jdom2/2.0.6.1/jdom2-2.0.6.1.jar:/home/fcortes/.m2/repository/io/quarkus/quarkus-bootstrap-gradle-resolver/3.9.1/quarkus-bootstrap-gradle-resolver-3.9.1.jar:/home/fcortes/.m2/repository/io/smallrye/jandex/3.1.6/jandex-3.1.6.jar:/home/fcortes/.m2/repository/commons-io/commons-io/2.15.1/commons-io-2.15.1.jar:/home/fcortes/.m2/repository/org/jboss/logging/commons-logging-jboss-logging/1.0.0.Final/commons-logging-jboss-logging-1.0.0.Final.jar:/home/fcortes/.m2/repository/io/quarkus/quarkus-junit5-properties/3.9.1/quarkus-junit5-properties-3.9.1.jar:/home/fcortes/.m2/repository/org/junit/jupiter/junit-jupiter/5.10.2/junit-jupiter-5.10.2.jar:/home/fcortes/.m2/repository/org/junit/jupiter/junit-jupiter-api/5.10.2/junit-jupiter-api-5.10.2.jar:/home/fcortes/.m2/repository/org/opentest4j/opentest4j/1.3.0/opentest4j-1.3.0.jar:/home/fcortes/.m2/repository/org/junit/platform/junit-platform-commons/1.10.2/junit-platform-commons-1.10.2.jar:/home/fcortes/.m2/repository/org/apiguardian/apiguardian-api/1.1.2/apiguardian-api-1.1.2.jar:/home/fcortes/.m2/repository/org/junit/jupiter/junit-jupiter-params/5.10.2/junit-jupiter-params-5.10.2.jar:/home/fcortes/.m2/repository/org/junit/jupiter/junit-jupiter-engine/5.10.2/junit-jupiter-engine-5.10.2.jar:/home/fcortes/.m2/repository/org/junit/platform/junit-platform-engine/1.10.2/junit-platform-engine-1.10.2.jar:/home/fcortes/.m2/repository/com/thoughtworks/xstream/xstream/1.4.20/xstream-1.4.20.jar:/home/fcortes/.m2/repository/io/github/x-stream/mxparser/1.2.2/mxparser-1.2.2.jar:/home/fcortes/.m2/repository/xmlpull/xmlpull/1.1.3.1/xmlpull-1.1.3.1.jar:"/>
    <property name="sun.cpu.endian" value="little"/>
    <property name="user.home" value="/home/fcortes"/>
    <property name="user.language" value="pt"/>
    <property name="jboss.log-version" value="false"/>
    <property name="java.specification.vendor" value="Oracle Corporation"/>
    <property name="java.version.date" value="2023-10-17"/>
    <property name="java.home" value="/home/fcortes/.sdkman/candidates/java/17.0.9-graalce"/>
    <property name="file.separator" value="/"/>
    <property name="basedir" value="/home/fcortes/Sensedia/Projects/work/camel-context-main"/>
    <property name="java.vm.compressedOopsMode" value="Zero based"/>
    <property name="jdk.internal.vm.ci.enabled" value="true"/>
    <property name="line.separator" value="&#10;"/>
    <property name="java.vm.specification.vendor" value="Oracle Corporation"/>
    <property name="java.specification.name" value="Java Platform API Specification"/>
    <property name="surefire.real.class.path" value="/home/fcortes/Sensedia/Projects/work/camel-context-main/target/surefire/surefirebooter-20240428115542662_3.jar"/>
    <property name="sun.management.compiler" value="HotSpot 64-Bit Tiered Compilers"/>
    <property name="java.runtime.version" value="17.0.9+9-jvmci-23.0-b22"/>
    <property name="user.name" value="fcortes"/>
    <property name="path.separator" value=":"/>
    <property name="os.version" value="5.15.0-105-generic"/>
    <property name="java.runtime.name" value="OpenJDK Runtime Environment"/>
    <property name="file.encoding" value="UTF-8"/>
    <property name="java.vm.name" value="OpenJDK 64-Bit Server VM"/>
    <property name="java.vendor.version" value="GraalVM CE 17.0.9+9.1"/>
    <property name="localRepository" value="/home/fcortes/.m2/repository"/>
    <property name="java.vendor.url.bug" value="https://github.com/oracle/graal/issues"/>
    <property name="java.io.tmpdir" value="/tmp"/>
    <property name="quarkus.log.file.path" value="target/quarkus.log"/>
    <property name="java.version" value="17.0.9"/>
    <property name="java.util.concurrent.ForkJoinPool.common.threadFactory" value="io.quarkus.bootstrap.forkjoin.QuarkusForkJoinWorkerThreadFactory"/>
    <property name="user.dir" value="/home/fcortes/Sensedia/Projects/work/camel-context-main"/>
    <property name="os.arch" value="amd64"/>
    <property name="java.vm.specification.name" value="Java Virtual Machine Specification"/>
    <property name="native.encoding" value="UTF-8"/>
    <property name="java.util.logging.manager" value="org.jboss.logmanager.LogManager"/>
    <property name="java.library.path" value="/usr/java/packages/lib:/usr/lib64:/lib64:/lib:/usr/lib"/>
    <property name="java.vm.info" value="mixed mode, sharing"/>
    <property name="java.vendor" value="GraalVM Community"/>
    <property name="java.vm.version" value="17.0.9+9-jvmci-23.0-b22"/>
    <property name="sun.io.unicode.encoding" value="UnicodeLittle"/>
    <property name="java.class.version" value="61.0"/>
  </properties>
  <testcase name="testContextMain" classname="org.acme.main.ContextMainTest" time="0.092">
    <system-out><![CDATA[2024-04-28 11:55:46,934 INFO  [io.quarkus] (main) camel-quarkus-context-main 1.0.0 on JVM (powered by Quarkus 3.9.1) started in 1.554s. 
2024-04-28 11:55:46,937 INFO  [io.quarkus] (main) Profile test activated. 
2024-04-28 11:55:46,937 INFO  [io.quarkus] (main) Installed features: [camel-core, camel-yaml-dsl, cdi]
2024-04-28 11:55:47,035 INFO  [org.acm.mai.Main] (main) Routes loaded successfully.
]]></system-out>
  </testcase>
</testsuite>